<?xml version="1.0" encoding="UTF-8"?>
<testsuite xmlns:xsi="http://www.w3.org/2001/XMLSchema-instance" xsi:noNamespaceSchemaLocation="https://maven.apache.org/surefire/maven-surefire-plugin/xsd/surefire-test-report-3.0.xsd" version="3.0" name="com.f1nn.mathutil.core.MathUtilityTest" time="0.109" tests="3" errors="0" skipped="0" failures="0">
  <properties>
[...]
</properties>
  <testcase name="verifyFactorialGivenRightArgument1Returns1Ok" classname="com.f1nn.mathutil.core.MathUtilityTest" time="0.057"/>
  <testcase name="verifyFactorialGivenRightArgument5Returns0Ok" classname="com.f1nn.mathutil.core.MathUtilityTest" time="0.002"/>
  <testcase name="verifyFactorialGivenRightArgument0Returns0Ok" classname="com.f1nn.mathutil.core.MathUtilityTest" time="0.004"/>
</testsuite>